I, [2019-03-11T17:29:22.894020 #3040]  INFO -- : 
Request: GET /tests
Handler: TestsController#index
Parametrs: {}
Response: 201, text/html, tests/list 

I, [2019-03-11T17:29:54.274285 #3040]  INFO -- : 
Request: GET /tests/kekus_frko/lol
Handler: TestsController#index
Parametrs: {}
Response: 201, text/html, tests/list 

I, [2019-03-11T17:31:25.158912 #3070]  INFO -- : 
Request: GET /tests/101
Handler: TestsController#index
Parametrs: {}
Response: 201, text/html, tests/list 

I, [2019-03-11T17:31:29.252046 #3070]  INFO -- : 
Request: GET /tests/101
Handler: TestsController#index
Parametrs: {}
Response: 201, text/html, tests/list 

I, [2019-03-11T17:39:37.315795 #3151]  INFO -- : 
Request: GET /tests/101
Handler: TestsController#index
Parametrs: {}
Response: 201, text/html, tests/list 

I, [2019-03-11T17:40:21.887546 #3178]  INFO -- : 
Request: GET /tests/101
Handler: TestsController#index
Parametrs: {}
Response: 201, text/html, tests/list 

I, [2019-03-11T17:40:42.463291 #3197]  INFO -- : 
Request: GET /tests/101
Handler: TestsController#index
Parametrs: {}
Response: 201, text/html, tests/list 

I, [2019-03-11T18:14:27.279659 #3476]  INFO -- : 
Request: GET /tests/101
Handler: TestsController#index
Parametrs: {}
Response: 201, text/html, tests/list 

I, [2019-03-11T18:19:06.370961 #3559]  INFO -- : 
Request: GET /tests/101
Handler: TestsController#index
Parametrs: {}
Response: 201, text/html, tests/list 

I, [2019-03-11T18:19:38.513539 #3580]  INFO -- : 
Request: GET /tests/101
Handler: TestsController#index
Parametrs: {}
Response: 201, text/html, tests/list 

I, [2019-03-11T18:23:19.382979 #3653]  INFO -- : 
Request: GET /tests/101
Handler: TestsController#index
Parametrs: {"Kekus"=>"lekus"}
Response: 201, text/html, tests/list 

I, [2019-03-11T18:23:56.527870 #3774]  INFO -- : 
Request: GET /tests/101
Handler: TestsController#index
Parametrs: {"tests"=>"101", "Kekus"=>"lekus"}
Response: 201, text/html, tests/list 

I, [2019-03-11T18:24:07.025197 #3795]  INFO -- : 
Request: GET /tests/101
Handler: TestsController#index
Parametrs: {"tests"=>"101"}
Response: 201, text/html, tests/list 

I, [2019-03-11T18:27:43.693647 #3883]  INFO -- : 
Request: GET /tests/101
Handler: TestsController#index
Parametrs: {"tests"=>"101"}
Response: 201, text/html, tests/list 

I, [2019-03-11T18:27:57.732650 #3904]  INFO -- : 
Request: GET /tests/101
Handler: TestsController#index
Parametrs: {"tests"=>"101"}
Response: 201, text/html, tests/list 

I, [2019-03-11T18:29:47.936921 #3953]  INFO -- : 
Request: GET /tests/101
Handler: TestsController#index
Parametrs: {"tests"=>"101"}
Response: 201, text/html, tests/list 

I, [2019-03-11T18:32:01.913320 #3977]  INFO -- : 
Request: GET /tests/101
Handler: TestsController#index
Parametrs: {"tests"=>"101"}
Response: 201, text/html, tests/list 

I, [2019-03-11T18:32:38.879997 #3996]  INFO -- : 
Request: GET /tests/101
Handler: TestsController#index
Parametrs: {"tests"=>"101"}
Response: 201, text/html, tests/list 

I, [2019-03-11T18:37:25.051142 #4048]  INFO -- : 
Request: GET /tests/101
Handler: TestsController#index
Parametrs: {"tests"=>"101"}
Response: 201, text/html, tests/list 

I, [2019-03-11T18:38:12.715926 #4098]  INFO -- : 
Request: GET /tests/101
Handler: TestsController#index
Parametrs: {"tests"=>"101"}
Response: 201, text/html, tests/list 

I, [2019-03-11T18:42:08.217797 #4224]  INFO -- : 
Request: GET /tests/101
Handler: TestsController#index
Parametrs: {}
Response: 201, text/html, tests/list 

I, [2019-03-11T18:45:18.273862 #4323]  INFO -- : 
Request: GET /tests/101
Handler: TestsController#index
Parametrs: {}
Response: 201, text/html, tests/list 

I, [2019-03-11T18:46:18.553844 #4365]  INFO -- : 
Request: GET /tests/101
Handler: TestsController#index
Parametrs: {}
Response: 201, text/html, tests/list 

I, [2019-03-11T18:46:35.796350 #4385]  INFO -- : 
Request: GET /tests/101
Handler: TestsController#index
Parametrs: {}
Response: 201, text/html, tests/list 

I, [2019-03-11T18:47:03.115601 #4406]  INFO -- : 
Request: GET /tests/101
Handler: TestsController#index
Parametrs: {}
Response: 201, text/html, tests/list 

I, [2019-03-11T18:52:13.990044 #4463]  INFO -- : 
Request: GET /tests/101
Handler: TestsController#index
Parametrs: {}
Response: 201, text/html, tests/list 

I, [2019-03-11T18:52:36.538174 #4485]  INFO -- : 
Request: GET /tests/101
Handler: TestsController#index
Parametrs: {}
Response: 201, text/html,  

I, [2019-03-11T18:53:21.854298 #4508]  INFO -- : 
Request: GET /tests/101
Handler: TestsController#index
Parametrs: {}
Response: 201, text/html,  

I, [2019-03-11T18:53:52.253408 #4508]  INFO -- : 
Request: GET /tests/101
Handler: TestsController#index
Parametrs: {}
Response: 201, text/html,  

I, [2019-03-11T18:53:59.891826 #4537]  INFO -- : 
Request: GET /tests/101
Handler: TestsController#index
Parametrs: {}
Response: 201, text/html,  

I, [2019-03-11T18:54:14.732491 #4556]  INFO -- : 
Request: GET /tests/101
Handler: TestsController#index
Parametrs: {}
Response: 201, text/html,  

I, [2019-03-11T18:54:34.699214 #4575]  INFO -- : 
Request: GET /tests/101
Handler: TestsController#show
Parametrs: {}
Response: 200, text/html,  

I, [2019-03-11T18:58:50.932678 #4883]  INFO -- : 
Request: GET /tests/101
Handler: TestsController#show
Parametrs: {}
Response: 200, text/html,  

I, [2019-03-11T18:59:11.212593 #4905]  INFO -- : 
Request: GET /tests/101
Handler: TestsController#show
Parametrs: {"tests"=>"101"}
Response: 200, text/html,  

I, [2019-03-11T19:00:51.004944 #4933]  INFO -- : 
Request: GET /tests/101
Handler: TestsController#show
Parametrs: {"tests"=>"101", "method"=>"GET"}
Response: 200, text/html,  

